<?xml version="1.0" encoding="UTF-8"?>
<coverage generated="1687943773589" clover="3.2.0">
  <project timestamp="1687943773590" name="All files">
    <metrics statements="14" coveredstatements="6" conditionals="4" coveredconditionals="2" methods="3" coveredmethods="1" elements="21" coveredelements="9" complexity="0" loc="14" ncloc="14" packages="1" files="1" classes="1"/>
    <file name="displaycomments.js" path="C:\Users\LENOVO\Desktop\KanBanProject\src\modules\displaycomments.js">
      <metrics statements="14" coveredstatements="6" conditionals="4" coveredconditionals="2" methods="3" coveredmethods="1"/>
      <line num="1" count="1" type="stmt"/>
      <line num="2" count="0" type="stmt"/>
      <line num="4" count="0" type="stmt"/>
      <line num="5" count="0" type="cond" truecount="0" falsecount="2"/>
      <line num="6" count="0" type="stmt"/>
      <line num="7" count="0" type="stmt"/>
      <line num="8" count="0" type="stmt"/>
      <line num="9" count="0" type="stmt"/>
      <line num="10" count="0" type="stmt"/>
      <line num="14" count="1" type="stmt"/>
      <line num="15" count="2" type="stmt"/>
      <line num="16" count="2" type="cond" truecount="2" falsecount="0"/>
      <line num="17" count="1" type="stmt"/>
      <line num="19" count="1" type="stmt"/>
    </file>
  </project>
</coverage>
